   1               		.file	"keymap_osx_keikun17.c"
   2               	__SP_H__ = 0x3e
   3               	__SP_L__ = 0x3d
   4               	__SREG__ = 0x3f
   5               	__tmp_reg__ = 0
   6               	__zero_reg__ = 1
   7               		.text
   8               	.Ltext0:
   9               		.cfi_sections	.debug_frame
  10               		.section	.text.action_get_macro,"ax",@progbits
  11               	.global	action_get_macro
  13               	action_get_macro:
  14               	.LFB120:
  15               		.file 1 "keymaps/keymap_osx_keikun17.c"
   1:keymaps/keymap_osx_keikun17.c **** // Netable differences vs. the default firmware for the ErgoDox EZ:
   2:keymaps/keymap_osx_keikun17.c **** // 1. The Cmd key is now on the right side, making Cmd+Space easier.
   3:keymaps/keymap_osx_keikun17.c **** // 2. The media keys work on OSX (But not on Windows).
   4:keymaps/keymap_osx_keikun17.c **** // 3. Ctrl key on the left side, above LShift.
   5:keymaps/keymap_osx_keikun17.c **** 
   6:keymaps/keymap_osx_keikun17.c **** #include "ergodox_ez.h"
   7:keymaps/keymap_osx_keikun17.c **** #include "debug.h"
   8:keymaps/keymap_osx_keikun17.c **** #include "action_layer.h"
   9:keymaps/keymap_osx_keikun17.c **** 
  10:keymaps/keymap_osx_keikun17.c **** #define BASE 0 // default layer
  11:keymaps/keymap_osx_keikun17.c **** #define SYMB 1 // symbols
  12:keymaps/keymap_osx_keikun17.c **** #define MDIA 2 // media keys
  13:keymaps/keymap_osx_keikun17.c **** 
  14:keymaps/keymap_osx_keikun17.c **** const uint16_t PROGMEM keymaps[][MATRIX_ROWS][MATRIX_COLS] = {
  15:keymaps/keymap_osx_keikun17.c **** /* Keymap 0: Basic layer
  16:keymaps/keymap_osx_keikun17.c ****  *
  17:keymaps/keymap_osx_keikun17.c ****  * ,--------------------------------------------------.           ,--------------------------------
  18:keymaps/keymap_osx_keikun17.c ****  * |   =    |   1  |   2  |   3  |   4  |   5  | LEFT |           | RIGHT|   6  |   7  |   8  |   9
  19:keymaps/keymap_osx_keikun17.c ****  * |--------+------+------+------+------+-------------|           |------+------+------+------+----
  20:keymaps/keymap_osx_keikun17.c ****  * | Del    |   Q  |   W  |   E  |   R  |   T  |  L1  |           |  L1  |   Y  |   U  |   I  |   O
  21:keymaps/keymap_osx_keikun17.c ****  * |--------+------+------+------+------+------|      |           |      |------+------+------+----
  22:keymaps/keymap_osx_keikun17.c ****  * |Ctrl/Esc|   A  |   S  |   D  |   F  |   G  |------|           |------|   H  |   J  |   K  |   L
  23:keymaps/keymap_osx_keikun17.c ****  * |--------+------+------+------+------+------| Hyper|           | Meh  |------+------+------+----
  24:keymaps/keymap_osx_keikun17.c ****  * | LShift |Z/Ctrl|   X  |   C  |   V  |   B  |      |           |      |   N  |   M  |   ,  |   .
  25:keymaps/keymap_osx_keikun17.c ****  * `--------+------+------+------+------+-------------'           `-------------+------+------+----
  26:keymaps/keymap_osx_keikun17.c ****  *   |Grv/L1|  '"  |AltShf| Left | Right|                                       |  Up  | Down |   [
  27:keymaps/keymap_osx_keikun17.c ****  *   `----------------------------------'                                       `------------------
  28:keymaps/keymap_osx_keikun17.c ****  *                                        ,-------------.       ,-------------.
  29:keymaps/keymap_osx_keikun17.c ****  *                                        | App  | LGui |       | Alt  |Ctrl/Esc|
  30:keymaps/keymap_osx_keikun17.c ****  *                                 ,------|------|------|       |------+--------+------.
  31:keymaps/keymap_osx_keikun17.c ****  *                                 |      |      | Home |       | PgUp |        |      |
  32:keymaps/keymap_osx_keikun17.c ****  *                                 | Space|Backsp|------|       |------|  Tab   |Enter |
  33:keymaps/keymap_osx_keikun17.c ****  *                                 |      |ace   | End  |       | PgDn |        |      |
  34:keymaps/keymap_osx_keikun17.c ****  *                                 `--------------------'       `----------------------'
  35:keymaps/keymap_osx_keikun17.c ****  */
  36:keymaps/keymap_osx_keikun17.c **** // If it accepts an argument (i.e, is a function), it doesn't need KC_.
  37:keymaps/keymap_osx_keikun17.c **** // Otherwise, it needs KC_*
  38:keymaps/keymap_osx_keikun17.c **** [BASE] = KEYMAP(  // layer 0 : default
  39:keymaps/keymap_osx_keikun17.c ****         // left hand
  40:keymaps/keymap_osx_keikun17.c ****         KC_EQL,         KC_1,         KC_2,   KC_3,   KC_4,   KC_5,   KC_LEFT,
  41:keymaps/keymap_osx_keikun17.c ****         KC_DELT,        KC_Q,         KC_W,   KC_E,   KC_R,   KC_T,   TG(1),
  42:keymaps/keymap_osx_keikun17.c ****         CTL_T(KC_ESC),  KC_A,         KC_S,   KC_D,   KC_F,   KC_G,
  43:keymaps/keymap_osx_keikun17.c ****         KC_LSFT,        CTL_T(KC_Z),  KC_X,   KC_C,   KC_V,   KC_B,   ALL_T(KC_NO),
  44:keymaps/keymap_osx_keikun17.c ****         LT(SYMB,KC_GRV),KC_QUOT,      LALT(KC_LSFT),  KC_LEFT,KC_RGHT,
  45:keymaps/keymap_osx_keikun17.c ****                                               ALT_T(KC_APP),  KC_LGUI,
  46:keymaps/keymap_osx_keikun17.c ****                                                               KC_HOME,
  47:keymaps/keymap_osx_keikun17.c ****                                                KC_SPC,KC_BSPC,KC_END,
  48:keymaps/keymap_osx_keikun17.c ****         // right hand
  49:keymaps/keymap_osx_keikun17.c ****              KC_RGHT,     KC_6,   KC_7,   KC_8,   KC_9,   KC_0,             KC_MINS,
  50:keymaps/keymap_osx_keikun17.c ****              TG(1),       KC_Y,   KC_U,   KC_I,   KC_O,   KC_P,             KC_BSLS,
  51:keymaps/keymap_osx_keikun17.c ****                           KC_H,   KC_J,   KC_K,   KC_L,   LT(MDIA, KC_SCLN),KC_LGUI,
  52:keymaps/keymap_osx_keikun17.c ****              MEH_T(KC_NO),KC_N,   KC_M,   KC_COMM,KC_DOT, CTL_T(KC_SLSH),   KC_RSFT,
  53:keymaps/keymap_osx_keikun17.c ****                                   KC_UP,  KC_DOWN,KC_LBRC,KC_RBRC,          KC_FN1,
  54:keymaps/keymap_osx_keikun17.c ****              KC_LALT,        CTL_T(KC_ESC),
  55:keymaps/keymap_osx_keikun17.c ****              KC_PGUP,
  56:keymaps/keymap_osx_keikun17.c ****              KC_PGDN,KC_TAB, KC_ENT
  57:keymaps/keymap_osx_keikun17.c ****     ),
  58:keymaps/keymap_osx_keikun17.c **** /* Keymap 1: Symbol Layer
  59:keymaps/keymap_osx_keikun17.c ****  *
  60:keymaps/keymap_osx_keikun17.c ****  * ,--------------------------------------------------.           ,--------------------------------
  61:keymaps/keymap_osx_keikun17.c ****  * |        |  F1  |  F2  |  F3  |  F4  |  F5  |      |           |      |  F6  |  F7  |  F8  |  F9
  62:keymaps/keymap_osx_keikun17.c ****  * |--------+------+------+------+------+-------------|           |------+------+------+------+----
  63:keymaps/keymap_osx_keikun17.c ****  * |        |   !  |   @  |   {  |   }  |   |  |      |           |      |   Up |   7  |   8  |   9
  64:keymaps/keymap_osx_keikun17.c ****  * |--------+------+------+------+------+------|      |           |      |------+------+------+----
  65:keymaps/keymap_osx_keikun17.c ****  * |        |   #  |   $  |   (  |   )  |   `  |------|           |------| Down |   4  |   5  |   6
  66:keymaps/keymap_osx_keikun17.c ****  * |--------+------+------+------+------+------|      |           |      |------+------+------+----
  67:keymaps/keymap_osx_keikun17.c ****  * |        |   %  |   ^  |   [  |   ]  |   ~  |      |           |      |   &  |   1  |   2  |   3
  68:keymaps/keymap_osx_keikun17.c ****  * `--------+------+------+------+------+-------------'           `-------------+------+------+----
  69:keymaps/keymap_osx_keikun17.c ****  *   |      |      |      |      |      |                                       |      |    . |   0
  70:keymaps/keymap_osx_keikun17.c ****  *   `----------------------------------'                                       `------------------
  71:keymaps/keymap_osx_keikun17.c ****  *                                        ,-------------.       ,-------------.
  72:keymaps/keymap_osx_keikun17.c ****  *                                        |      |      |       |      |      |
  73:keymaps/keymap_osx_keikun17.c ****  *                                 ,------|------|------|       |------+------+------.
  74:keymaps/keymap_osx_keikun17.c ****  *                                 |      |      |      |       |      |      |      |
  75:keymaps/keymap_osx_keikun17.c ****  *                                 |      |      |------|       |------|      |      |
  76:keymaps/keymap_osx_keikun17.c ****  *                                 |      |      |      |       |      |      |      |
  77:keymaps/keymap_osx_keikun17.c ****  *                                 `--------------------'       `--------------------'
  78:keymaps/keymap_osx_keikun17.c ****  */
  79:keymaps/keymap_osx_keikun17.c **** // SYMBOLS
  80:keymaps/keymap_osx_keikun17.c **** [SYMB] = KEYMAP(
  81:keymaps/keymap_osx_keikun17.c ****        // left hand
  82:keymaps/keymap_osx_keikun17.c ****        KC_TRNS,KC_F1,  KC_F2,  KC_F3,  KC_F4,  KC_F5,  KC_TRNS,
  83:keymaps/keymap_osx_keikun17.c ****        KC_TRNS,KC_EXLM,KC_AT,  KC_LCBR,KC_RCBR,KC_PIPE,KC_TRNS,
  84:keymaps/keymap_osx_keikun17.c ****        KC_TRNS,KC_HASH,KC_DLR, KC_LPRN,KC_RPRN,KC_GRV,
  85:keymaps/keymap_osx_keikun17.c ****        KC_TRNS,KC_PERC,KC_CIRC,KC_LBRC,KC_RBRC,KC_TILD,KC_TRNS,
  86:keymaps/keymap_osx_keikun17.c ****        KC_TRNS,KC_TRNS,KC_TRNS,KC_TRNS,KC_TRNS,
  87:keymaps/keymap_osx_keikun17.c ****                                        KC_TRNS,KC_TRNS,
  88:keymaps/keymap_osx_keikun17.c ****                                                KC_TRNS,
  89:keymaps/keymap_osx_keikun17.c ****                                KC_TRNS,KC_TRNS,KC_TRNS,
  90:keymaps/keymap_osx_keikun17.c ****        // right hand
  91:keymaps/keymap_osx_keikun17.c ****        KC_TRNS, KC_F6,   KC_F7,  KC_F8,   KC_F9,   KC_F10,  KC_F11,
  92:keymaps/keymap_osx_keikun17.c ****        KC_TRNS, KC_UP,   KC_7,   KC_8,    KC_9,    KC_ASTR, KC_F12,
  93:keymaps/keymap_osx_keikun17.c ****                 KC_DOWN, KC_4,   KC_5,    KC_6,    KC_PLUS, KC_TRNS,
  94:keymaps/keymap_osx_keikun17.c ****        KC_TRNS, KC_AMPR, KC_1,   KC_2,    KC_3,    KC_BSLS, KC_TRNS,
  95:keymaps/keymap_osx_keikun17.c ****                          KC_TRNS,KC_DOT,  KC_0,    KC_EQL,  KC_TRNS,
  96:keymaps/keymap_osx_keikun17.c ****        KC_TRNS, KC_TRNS,
  97:keymaps/keymap_osx_keikun17.c ****        KC_TRNS,
  98:keymaps/keymap_osx_keikun17.c ****        KC_TRNS, KC_TRNS, KC_TRNS
  99:keymaps/keymap_osx_keikun17.c **** ),
 100:keymaps/keymap_osx_keikun17.c **** /* Keymap 2: Media and mouse keys
 101:keymaps/keymap_osx_keikun17.c ****  *
 102:keymaps/keymap_osx_keikun17.c ****  * ,--------------------------------------------------.           ,--------------------------------
 103:keymaps/keymap_osx_keikun17.c ****  * |        |      |      |      |      |      |      |           |      |      |      |      |    
 104:keymaps/keymap_osx_keikun17.c ****  * |--------+------+------+------+------+-------------|           |------+------+------+------+----
 105:keymaps/keymap_osx_keikun17.c ****  * |        |      |      | MsUp |      |      |      |           |      |      |      |      |    
 106:keymaps/keymap_osx_keikun17.c ****  * |--------+------+------+------+------+------|      |           |      |------+------+------+----
 107:keymaps/keymap_osx_keikun17.c ****  * |        |      |MsLeft|MsDown|MsRght|      |------|           |------|      |      |      |    
 108:keymaps/keymap_osx_keikun17.c ****  * |--------+------+------+------+------+------|      |           |      |------+------+------+----
 109:keymaps/keymap_osx_keikun17.c ****  * |        |      |      |      |      |      |      |           |      |      |      | Prev | Nex
 110:keymaps/keymap_osx_keikun17.c ****  * `--------+------+------+------+------+-------------'           `-------------+------+------+----
 111:keymaps/keymap_osx_keikun17.c ****  *   |      |      |      | Lclk | Rclk |                                       |VolUp |VolDn | Mut
 112:keymaps/keymap_osx_keikun17.c ****  *   `----------------------------------'                                       `------------------
 113:keymaps/keymap_osx_keikun17.c ****  *                                        ,-------------.       ,-------------.
 114:keymaps/keymap_osx_keikun17.c ****  *                                        |      |      |       |      |      |
 115:keymaps/keymap_osx_keikun17.c ****  *                                 ,------|------|------|       |------+------+------.
 116:keymaps/keymap_osx_keikun17.c ****  *                                 |      |      |      |       |      |      |Brwser|
 117:keymaps/keymap_osx_keikun17.c ****  *                                 |      |      |------|       |------|      |Back  |
 118:keymaps/keymap_osx_keikun17.c ****  *                                 |      |      |      |       |      |      |      |
 119:keymaps/keymap_osx_keikun17.c ****  *                                 `--------------------'       `--------------------'
 120:keymaps/keymap_osx_keikun17.c ****  */
 121:keymaps/keymap_osx_keikun17.c **** // MEDIA AND MOUSE
 122:keymaps/keymap_osx_keikun17.c **** KEYMAP(
 123:keymaps/keymap_osx_keikun17.c ****        KC_TRNS, KC_TRNS, KC_TRNS, KC_TRNS, KC_TRNS, KC_TRNS, KC_TRNS,
 124:keymaps/keymap_osx_keikun17.c ****        KC_TRNS, KC_TRNS, KC_TRNS, KC_MS_U, KC_TRNS, KC_TRNS, KC_TRNS,
 125:keymaps/keymap_osx_keikun17.c ****        KC_TRNS, KC_TRNS, KC_MS_L, KC_MS_D, KC_MS_R, KC_TRNS,
 126:keymaps/keymap_osx_keikun17.c ****        KC_TRNS, KC_TRNS, KC_TRNS, KC_TRNS, KC_TRNS, KC_TRNS, KC_TRNS,
 127:keymaps/keymap_osx_keikun17.c ****        KC_TRNS, KC_TRNS, KC_TRNS, KC_BTN1, KC_BTN2,
 128:keymaps/keymap_osx_keikun17.c ****                                            KC_TRNS, KC_TRNS,
 129:keymaps/keymap_osx_keikun17.c ****                                                     KC_TRNS,
 130:keymaps/keymap_osx_keikun17.c ****                                   KC_TRNS, KC_TRNS, KC_TRNS,
 131:keymaps/keymap_osx_keikun17.c ****     // right hand
 132:keymaps/keymap_osx_keikun17.c ****        KC_TRNS,  KC_TRNS, KC_TRNS, KC_TRNS, KC_TRNS, KC_TRNS, KC_TRNS,
 133:keymaps/keymap_osx_keikun17.c ****        KC_TRNS,  KC_TRNS, KC_TRNS, KC_TRNS, KC_TRNS, KC_TRNS, KC_TRNS,
 134:keymaps/keymap_osx_keikun17.c ****                  KC_TRNS, KC_TRNS, KC_TRNS, KC_TRNS, KC_TRNS, KC_MPLY,
 135:keymaps/keymap_osx_keikun17.c ****        KC_TRNS,  KC_TRNS, KC_TRNS, KC_MPRV, KC_MNXT, KC_TRNS, KC_TRNS,
 136:keymaps/keymap_osx_keikun17.c ****                           KC_VOLU, KC_VOLD, KC_MUTE, KC_TRNS, KC_TRNS,
 137:keymaps/keymap_osx_keikun17.c ****        KC_TRNS, KC_TRNS,
 138:keymaps/keymap_osx_keikun17.c ****        KC_TRNS,
 139:keymaps/keymap_osx_keikun17.c ****        KC_TRNS, KC_TRNS, KC_WBAK
 140:keymaps/keymap_osx_keikun17.c **** ),
 141:keymaps/keymap_osx_keikun17.c **** };
 142:keymaps/keymap_osx_keikun17.c **** 
 143:keymaps/keymap_osx_keikun17.c **** const uint16_t PROGMEM fn_actions[] = {
 144:keymaps/keymap_osx_keikun17.c ****     [1] = ACTION_LAYER_TAP_TOGGLE(SYMB)                // FN1 - Momentary Layer 1 (Symbols)
 145:keymaps/keymap_osx_keikun17.c **** };
 146:keymaps/keymap_osx_keikun17.c **** 
 147:keymaps/keymap_osx_keikun17.c **** const macro_t *action_get_macro(keyrecord_t *record, uint8_t id, uint8_t opt)
 148:keymaps/keymap_osx_keikun17.c **** {
  16               		.loc 1 148 0
  17               		.cfi_startproc
  18               	.LVL0:
  19               	/* prologue: function */
  20               	/* frame size = 0 */
  21               	/* stack size = 0 */
  22               	.L__stack_usage = 0
 149:keymaps/keymap_osx_keikun17.c ****   // MACRODOWN only works in this function
 150:keymaps/keymap_osx_keikun17.c ****       switch(id) {
  23               		.loc 1 150 0
  24 0000 6111      		cpse r22,__zero_reg__
  25 0002 00C0      		rjmp .L2
 151:keymaps/keymap_osx_keikun17.c ****         case 0:
 152:keymaps/keymap_osx_keikun17.c ****         if (record->event.pressed) {
  26               		.loc 1 152 0
  27 0004 FC01      		movw r30,r24
  28 0006 8281      		ldd r24,Z+2
  29               	.LVL1:
  30 0008 8823      		tst r24
  31 000a 01F0      		breq .L4
 153:keymaps/keymap_osx_keikun17.c ****           register_code(KC_RSFT);
  32               		.loc 1 153 0
  33 000c 85EE      		ldi r24,lo8(-27)
  34 000e 0E94 0000 		call register_code
  35               	.LVL2:
  36 0012 00C0      		rjmp .L2
  37               	.LVL3:
  38               	.L4:
 154:keymaps/keymap_osx_keikun17.c ****         } else {
 155:keymaps/keymap_osx_keikun17.c ****           unregister_code(KC_RSFT);
  39               		.loc 1 155 0
  40 0014 85EE      		ldi r24,lo8(-27)
  41 0016 0E94 0000 		call unregister_code
  42               	.LVL4:
  43               	.L2:
 156:keymaps/keymap_osx_keikun17.c ****         }
 157:keymaps/keymap_osx_keikun17.c ****         break;
 158:keymaps/keymap_osx_keikun17.c ****       }
 159:keymaps/keymap_osx_keikun17.c ****     return MACRO_NONE;
 160:keymaps/keymap_osx_keikun17.c **** };
  44               		.loc 1 160 0
  45 001a 80E0      		ldi r24,0
  46 001c 90E0      		ldi r25,0
  47 001e 0895      		ret
  48               		.cfi_endproc
  49               	.LFE120:
  51               		.section	.text.matrix_init_user,"ax",@progbits
  52               	.global	matrix_init_user
  54               	matrix_init_user:
  55               	.LFB121:
 161:keymaps/keymap_osx_keikun17.c **** 
 162:keymaps/keymap_osx_keikun17.c **** // Runs just one time when the keyboard initializes.
 163:keymaps/keymap_osx_keikun17.c **** void * matrix_init_user(void) {
  56               		.loc 1 163 0
  57               		.cfi_startproc
  58               	/* prologue: function */
  59               	/* frame size = 0 */
  60               	/* stack size = 0 */
  61               	.L__stack_usage = 0
 164:keymaps/keymap_osx_keikun17.c **** 
 165:keymaps/keymap_osx_keikun17.c **** };
  62               		.loc 1 165 0
  63 0000 0895      		ret
  64               		.cfi_endproc
  65               	.LFE121:
  67               		.section	.text.matrix_scan_user,"ax",@progbits
  68               	.global	matrix_scan_user
  70               	matrix_scan_user:
  71               	.LFB122:
 166:keymaps/keymap_osx_keikun17.c **** 
 167:keymaps/keymap_osx_keikun17.c **** // Runs constantly in the background, in a loop.
 168:keymaps/keymap_osx_keikun17.c **** void * matrix_scan_user(void) {
  72               		.loc 1 168 0
  73               		.cfi_startproc
  74               	/* prologue: function */
  75               	/* frame size = 0 */
  76               	/* stack size = 0 */
  77               	.L__stack_usage = 0
 169:keymaps/keymap_osx_keikun17.c **** 
 170:keymaps/keymap_osx_keikun17.c ****     uint8_t layer = biton32(layer_state);
  78               		.loc 1 170 0
  79 0000 6091 0000 		lds r22,layer_state
  80 0004 7091 0000 		lds r23,layer_state+1
  81 0008 8091 0000 		lds r24,layer_state+2
  82 000c 9091 0000 		lds r25,layer_state+3
  83 0010 0E94 0000 		call biton32
  84               	.LVL5:
  85               	.LBB14:
  86               	.LBB15:
  87               		.file 2 "./ergodox_ez.h"
   1:./ergodox_ez.h **** #ifndef ERGODOX_EZ_H
   2:./ergodox_ez.h **** #define ERGODOX_EZ_H
   3:./ergodox_ez.h **** 
   4:./ergodox_ez.h **** #include "matrix.h"
   5:./ergodox_ez.h **** #include "keymap_common.h"
   6:./ergodox_ez.h **** #include "backlight.h"
   7:./ergodox_ez.h **** #include <stddef.h>
   8:./ergodox_ez.h **** #include <stdint.h>
   9:./ergodox_ez.h **** #include <stdbool.h>
  10:./ergodox_ez.h **** #include <avr/io.h>
  11:./ergodox_ez.h **** #include "i2cmaster.h"
  12:./ergodox_ez.h **** #include <util/delay.h>
  13:./ergodox_ez.h **** 
  14:./ergodox_ez.h **** #define CPU_PRESCALE(n) (CLKPR = 0x80, CLKPR = (n))
  15:./ergodox_ez.h **** #define CPU_16MHz       0x00
  16:./ergodox_ez.h **** 
  17:./ergodox_ez.h **** // I2C aliases and register addresses (see "mcp23018.md")
  18:./ergodox_ez.h **** #define I2C_ADDR        0b0100000
  19:./ergodox_ez.h **** #define I2C_ADDR_WRITE  ( (I2C_ADDR<<1) | I2C_WRITE )
  20:./ergodox_ez.h **** #define I2C_ADDR_READ   ( (I2C_ADDR<<1) | I2C_READ  )
  21:./ergodox_ez.h **** #define IODIRA          0x00            // i/o direction register
  22:./ergodox_ez.h **** #define IODIRB          0x01
  23:./ergodox_ez.h **** #define GPPUA           0x0C            // GPIO pull-up resistor register
  24:./ergodox_ez.h **** #define GPPUB           0x0D
  25:./ergodox_ez.h **** #define GPIOA           0x12            // general purpose i/o port register (write modifies OLAT)
  26:./ergodox_ez.h **** #define GPIOB           0x13
  27:./ergodox_ez.h **** #define OLATA           0x14            // output latch register
  28:./ergodox_ez.h **** #define OLATB           0x15
  29:./ergodox_ez.h **** 
  30:./ergodox_ez.h **** extern uint8_t mcp23018_status;
  31:./ergodox_ez.h **** 
  32:./ergodox_ez.h **** void init_ergodox(void);
  33:./ergodox_ez.h **** void ergodox_blink_all_leds(void);
  34:./ergodox_ez.h **** uint8_t init_mcp23018(void);
  35:./ergodox_ez.h **** uint8_t ergodox_left_leds_update(void);
  36:./ergodox_ez.h **** 
  37:./ergodox_ez.h **** #define LED_BRIGHTNESS_LO       15
  38:./ergodox_ez.h **** #define LED_BRIGHTNESS_HI       255
  39:./ergodox_ez.h **** 
  40:./ergodox_ez.h **** 
  41:./ergodox_ez.h **** inline void ergodox_board_led_on(void)      { DDRD |=  (1<<6); PORTD |=  (1<<6); }
  42:./ergodox_ez.h **** inline void ergodox_right_led_1_on(void)    { DDRB |=  (1<<5); PORTB |=  (1<<5); }
  43:./ergodox_ez.h **** inline void ergodox_right_led_2_on(void)    { DDRB |=  (1<<6); PORTB |=  (1<<6); }
  44:./ergodox_ez.h **** inline void ergodox_right_led_3_on(void)    { DDRB |=  (1<<7); PORTB |=  (1<<7); }
  45:./ergodox_ez.h **** inline void ergodox_right_led_on(uint8_t led) { DDRB |= (1<<(led+4)); PORTB |= (1<<(led+4)); }
  46:./ergodox_ez.h **** 
  47:./ergodox_ez.h **** inline void ergodox_board_led_off(void)     { DDRD &= ~(1<<6); PORTD &= ~(1<<6); }
  88               		.loc 2 47 0
  89 0014 5698      		cbi 0xa,6
  90 0016 5E98      		cbi 0xb,6
  91               	.LBE15:
  92               	.LBE14:
  93               	.LBB16:
  94               	.LBB17:
  48:./ergodox_ez.h **** inline void ergodox_right_led_1_off(void)   { DDRB &= ~(1<<5); PORTB &= ~(1<<5); }
  95               		.loc 2 48 0
  96 0018 2598      		cbi 0x4,5
  97 001a 2D98      		cbi 0x5,5
  98               	.LBE17:
  99               	.LBE16:
 100               	.LBB18:
 101               	.LBB19:
  49:./ergodox_ez.h **** inline void ergodox_right_led_2_off(void)   { DDRB &= ~(1<<6); PORTB &= ~(1<<6); }
 102               		.loc 2 49 0
 103 001c 2698      		cbi 0x4,6
 104 001e 2E98      		cbi 0x5,6
 105               	.LBE19:
 106               	.LBE18:
 107               	.LBB20:
 108               	.LBB21:
  50:./ergodox_ez.h **** inline void ergodox_right_led_3_off(void)   { DDRB &= ~(1<<7); PORTB &= ~(1<<7); }
 109               		.loc 2 50 0
 110 0020 2798      		cbi 0x4,7
 111 0022 2F98      		cbi 0x5,7
 112               	.LBE21:
 113               	.LBE20:
 171:keymaps/keymap_osx_keikun17.c **** 
 172:keymaps/keymap_osx_keikun17.c ****     ergodox_board_led_off();
 173:keymaps/keymap_osx_keikun17.c ****     ergodox_right_led_1_off();
 174:keymaps/keymap_osx_keikun17.c ****     ergodox_right_led_2_off();
 175:keymaps/keymap_osx_keikun17.c ****     ergodox_right_led_3_off();
 176:keymaps/keymap_osx_keikun17.c ****     switch (layer) {
 114               		.loc 1 176 0
 115 0024 8130      		cpi r24,lo8(1)
 116 0026 01F0      		breq .L9
 117 0028 8230      		cpi r24,lo8(2)
 118 002a 01F0      		breq .L10
 119 002c 0895      		ret
 120               	.L9:
 121               	.LBB22:
 122               	.LBB23:
  42:./ergodox_ez.h **** inline void ergodox_right_led_1_on(void)    { DDRB |=  (1<<5); PORTB |=  (1<<5); }
 123               		.loc 2 42 0
 124 002e 259A      		sbi 0x4,5
 125 0030 2D9A      		sbi 0x5,5
 126 0032 0895      		ret
 127               	.L10:
 128               	.LBE23:
 129               	.LBE22:
 130               	.LBB24:
 131               	.LBB25:
  43:./ergodox_ez.h **** inline void ergodox_right_led_2_on(void)    { DDRB |=  (1<<6); PORTB |=  (1<<6); }
 132               		.loc 2 43 0
 133 0034 269A      		sbi 0x4,6
 134 0036 2E9A      		sbi 0x5,6
 135               	.LVL6:
 136               	.LBE25:
 137               	.LBE24:
 177:keymaps/keymap_osx_keikun17.c ****       // TODO: Make this relevant to the ErgoDox EZ.
 178:keymaps/keymap_osx_keikun17.c ****         case 1:
 179:keymaps/keymap_osx_keikun17.c ****             ergodox_right_led_1_on();
 180:keymaps/keymap_osx_keikun17.c ****             break;
 181:keymaps/keymap_osx_keikun17.c ****         case 2:
 182:keymaps/keymap_osx_keikun17.c ****             ergodox_right_led_2_on();
 183:keymaps/keymap_osx_keikun17.c ****             break;
 184:keymaps/keymap_osx_keikun17.c ****         default:
 185:keymaps/keymap_osx_keikun17.c ****             // none
 186:keymaps/keymap_osx_keikun17.c ****             break;
 187:keymaps/keymap_osx_keikun17.c ****     }
 188:keymaps/keymap_osx_keikun17.c **** 
 189:keymaps/keymap_osx_keikun17.c **** };
 138               		.loc 1 189 0
 139 0038 0895      		ret
 140               		.cfi_endproc
 141               	.LFE122:
 143               	.global	fn_actions
 144               		.section	.progmem.data.fn_actions,"a",@progbits
 147               	fn_actions:
 148 0000 0000      		.zero	2
 149 0002 F0A1      		.word	-24080
 150               	.global	keymaps
 151               		.section	.progmem.data.keymaps,"a",@progbits
 154               	keymaps:
 155 0000 2E00      		.word	46
 156 0002 4C00      		.word	76
 157 0004 2971      		.word	28969
 158 0006 E100      		.word	225
 159 0008 3581      		.word	-32459
 160 000a 0000      		.word	0
 161 000c 1E00      		.word	30
 162 000e 1400      		.word	20
 163 0010 0400      		.word	4
 164 0012 1D71      		.word	28957
 165 0014 3400      		.word	52
 166 0016 4D00      		.word	77
 167 0018 1F00      		.word	31
 168 001a 1A00      		.word	26
 169 001c 1600      		.word	22
 170 001e 1B00      		.word	27
 171 0020 E104      		.word	1249
 172 0022 2A00      		.word	42
 173 0024 2000      		.word	32
 174 0026 0800      		.word	8
 175 0028 0700      		.word	7
 176 002a 0600      		.word	6
 177 002c 5000      		.word	80
 178 002e 2C00      		.word	44
 179 0030 2100      		.word	33
 180 0032 1500      		.word	21
 181 0034 0900      		.word	9
 182 0036 1900      		.word	25
 183 0038 4F00      		.word	79
 184 003a 4A00      		.word	74
 185 003c 2200      		.word	34
 186 003e 1700      		.word	23
 187 0040 0A00      		.word	10
 188 0042 0500      		.word	5
 189 0044 0000      		.word	0
 190 0046 6574      		.word	29797
 191 0048 5000      		.word	80
 192 004a 0154      		.word	21505
 193 004c 0000      		.word	0
 194 004e 007F      		.word	32512
 195 0050 0000      		.word	0
 196 0052 E300      		.word	227
 197 0054 4F00      		.word	79
 198 0056 0154      		.word	21505
 199 0058 0000      		.word	0
 200 005a 0077      		.word	30464
 201 005c 0000      		.word	0
 202 005e E200      		.word	226
 203 0060 2300      		.word	35
 204 0062 1C00      		.word	28
 205 0064 0B00      		.word	11
 206 0066 1100      		.word	17
 207 0068 0000      		.word	0
 208 006a 2971      		.word	28969
 209 006c 2400      		.word	36
 210 006e 1800      		.word	24
 211 0070 0D00      		.word	13
 212 0072 1000      		.word	16
 213 0074 5200      		.word	82
 214 0076 4B00      		.word	75
 215 0078 2500      		.word	37
 216 007a 0C00      		.word	12
 217 007c 0E00      		.word	14
 218 007e 3600      		.word	54
 219 0080 5100      		.word	81
 220 0082 2800      		.word	40
 221 0084 2600      		.word	38
 222 0086 1200      		.word	18
 223 0088 0F00      		.word	15
 224 008a 3700      		.word	55
 225 008c 2F00      		.word	47
 226 008e 2B00      		.word	43
 227 0090 2700      		.word	39
 228 0092 1300      		.word	19
 229 0094 3382      		.word	-32205
 230 0096 3871      		.word	28984
 231 0098 3000      		.word	48
 232 009a 4E00      		.word	78
 233 009c 2D00      		.word	45
 234 009e 3100      		.word	49
 235 00a0 E300      		.word	227
 236 00a2 E500      		.word	229
 237 00a4 C100      		.word	193
 238 00a6 0000      		.word	0
 239 00a8 0100      		.word	1
 240 00aa 0100      		.word	1
 241 00ac 0100      		.word	1
 242 00ae 0100      		.word	1
 243 00b0 0100      		.word	1
 244 00b2 0000      		.word	0
 245 00b4 3A00      		.word	58
 246 00b6 1E02      		.word	542
 247 00b8 2002      		.word	544
 248 00ba 2202      		.word	546
 249 00bc 0100      		.word	1
 250 00be 0100      		.word	1
 251 00c0 3B00      		.word	59
 252 00c2 1F02      		.word	543
 253 00c4 2102      		.word	545
 254 00c6 2302      		.word	547
 255 00c8 0100      		.word	1
 256 00ca 0100      		.word	1
 257 00cc 3C00      		.word	60
 258 00ce 2F02      		.word	559
 259 00d0 2602      		.word	550
 260 00d2 2F00      		.word	47
 261 00d4 0100      		.word	1
 262 00d6 0100      		.word	1
 263 00d8 3D00      		.word	61
 264 00da 3002      		.word	560
 265 00dc 2702      		.word	551
 266 00de 3000      		.word	48
 267 00e0 0100      		.word	1
 268 00e2 0100      		.word	1
 269 00e4 3E00      		.word	62
 270 00e6 3102      		.word	561
 271 00e8 3500      		.word	53
 272 00ea 3502      		.word	565
 273 00ec 0000      		.word	0
 274 00ee 0100      		.word	1
 275 00f0 0100      		.word	1
 276 00f2 0100      		.word	1
 277 00f4 0000      		.word	0
 278 00f6 0100      		.word	1
 279 00f8 0000      		.word	0
 280 00fa 0100      		.word	1
 281 00fc 0100      		.word	1
 282 00fe 0100      		.word	1
 283 0100 0000      		.word	0
 284 0102 0100      		.word	1
 285 0104 0000      		.word	0
 286 0106 0100      		.word	1
 287 0108 3F00      		.word	63
 288 010a 5200      		.word	82
 289 010c 5100      		.word	81
 290 010e 2402      		.word	548
 291 0110 0000      		.word	0
 292 0112 0100      		.word	1
 293 0114 4000      		.word	64
 294 0116 2400      		.word	36
 295 0118 2100      		.word	33
 296 011a 1E00      		.word	30
 297 011c 0100      		.word	1
 298 011e 0100      		.word	1
 299 0120 4100      		.word	65
 300 0122 2500      		.word	37
 301 0124 2200      		.word	34
 302 0126 1F00      		.word	31
 303 0128 3700      		.word	55
 304 012a 0100      		.word	1
 305 012c 4200      		.word	66
 306 012e 2600      		.word	38
 307 0130 2300      		.word	35
 308 0132 2000      		.word	32
 309 0134 2700      		.word	39
 310 0136 0100      		.word	1
 311 0138 4300      		.word	67
 312 013a 2502      		.word	549
 313 013c 2E02      		.word	558
 314 013e 3100      		.word	49
 315 0140 2E00      		.word	46
 316 0142 0100      		.word	1
 317 0144 4400      		.word	68
 318 0146 4500      		.word	69
 319 0148 0100      		.word	1
 320 014a 0100      		.word	1
 321 014c 0100      		.word	1
 322 014e 0000      		.word	0
 323 0150 0100      		.word	1
 324 0152 0100      		.word	1
 325 0154 0100      		.word	1
 326 0156 0100      		.word	1
 327 0158 0100      		.word	1
 328 015a 0000      		.word	0
 329 015c 0100      		.word	1
 330 015e 0100      		.word	1
 331 0160 0100      		.word	1
 332 0162 0100      		.word	1
 333 0164 0100      		.word	1
 334 0166 0100      		.word	1
 335 0168 0100      		.word	1
 336 016a 0100      		.word	1
 337 016c F200      		.word	242
 338 016e 0100      		.word	1
 339 0170 0100      		.word	1
 340 0172 0100      		.word	1
 341 0174 0100      		.word	1
 342 0176 F000      		.word	240
 343 0178 F100      		.word	241
 344 017a 0100      		.word	1
 345 017c F400      		.word	244
 346 017e 0100      		.word	1
 347 0180 0100      		.word	1
 348 0182 0100      		.word	1
 349 0184 F300      		.word	243
 350 0186 0100      		.word	1
 351 0188 F500      		.word	245
 352 018a 0100      		.word	1
 353 018c 0100      		.word	1
 354 018e 0100      		.word	1
 355 0190 0100      		.word	1
 356 0192 0100      		.word	1
 357 0194 0000      		.word	0
 358 0196 0100      		.word	1
 359 0198 0100      		.word	1
 360 019a 0100      		.word	1
 361 019c 0000      		.word	0
 362 019e 0100      		.word	1
 363 01a0 0000      		.word	0
 364 01a2 0100      		.word	1
 365 01a4 0100      		.word	1
 366 01a6 0100      		.word	1
 367 01a8 0000      		.word	0
 368 01aa 0100      		.word	1
 369 01ac 0000      		.word	0
 370 01ae 0100      		.word	1
 371 01b0 0100      		.word	1
 372 01b2 0100      		.word	1
 373 01b4 0100      		.word	1
 374 01b6 0100      		.word	1
 375 01b8 0000      		.word	0
 376 01ba 0100      		.word	1
 377 01bc 0100      		.word	1
 378 01be 0100      		.word	1
 379 01c0 0100      		.word	1
 380 01c2 0100      		.word	1
 381 01c4 A900      		.word	169
 382 01c6 0100      		.word	1
 383 01c8 0100      		.word	1
 384 01ca 0100      		.word	1
 385 01cc 0100      		.word	1
 386 01ce AC00      		.word	172
 387 01d0 AA00      		.word	170
 388 01d2 B600      		.word	182
 389 01d4 0100      		.word	1
 390 01d6 0100      		.word	1
 391 01d8 0100      		.word	1
 392 01da AB00      		.word	171
 393 01dc A800      		.word	168
 394 01de 0100      		.word	1
 395 01e0 0100      		.word	1
 396 01e2 0100      		.word	1
 397 01e4 0100      		.word	1
 398 01e6 0100      		.word	1
 399 01e8 0100      		.word	1
 400 01ea 0100      		.word	1
 401 01ec 0100      		.word	1
 402 01ee 0100      		.word	1
 403 01f0 AE00      		.word	174
 404 01f2 0100      		.word	1
 405 01f4 0100      		.word	1
 406 01f6 0000      		.word	0
 407               		.comm	keymap_config,2,1
 408               		.text
 409               	.Letext0:
 410               		.file 3 "/usr/local/CrossPack-AVR-20131216/avr/include/stdint.h"
 411               		.file 4 "../../tmk_core/common/keyboard.h"
 412               		.file 5 "../../tmk_core/common/keycode.h"
 413               		.file 6 "../../tmk_core/common/action_code.h"
 414               		.file 7 "../../tmk_core/common/action_macro.h"
 415               		.file 8 "../../tmk_core/common/action.h"
 416               		.file 9 "../../quantum/keymap_common.h"
 417               		.file 10 "../../tmk_core/protocol/lufa/LUFA-git/LUFA/Drivers/USB/Core/USBTask.h"
 418               		.file 11 "../../tmk_core/common/action_layer.h"
 419               		.file 12 "../../tmk_core/common/util.h"
DEFINED SYMBOLS
                            *ABS*:00000000 keymap_osx_keikun17.c
/var/folders/1b/xfvjmdyj6l31z1llzpnz5cwr0000gn/T//ccqXb5Lu.s:2      *ABS*:0000003e __SP_H__
/var/folders/1b/xfvjmdyj6l31z1llzpnz5cwr0000gn/T//ccqXb5Lu.s:3      *ABS*:0000003d __SP_L__
/var/folders/1b/xfvjmdyj6l31z1llzpnz5cwr0000gn/T//ccqXb5Lu.s:4      *ABS*:0000003f __SREG__
/var/folders/1b/xfvjmdyj6l31z1llzpnz5cwr0000gn/T//ccqXb5Lu.s:5      *ABS*:00000000 __tmp_reg__
/var/folders/1b/xfvjmdyj6l31z1llzpnz5cwr0000gn/T//ccqXb5Lu.s:6      *ABS*:00000001 __zero_reg__
/var/folders/1b/xfvjmdyj6l31z1llzpnz5cwr0000gn/T//ccqXb5Lu.s:13     .text.action_get_macro:00000000 action_get_macro
/var/folders/1b/xfvjmdyj6l31z1llzpnz5cwr0000gn/T//ccqXb5Lu.s:54     .text.matrix_init_user:00000000 matrix_init_user
/var/folders/1b/xfvjmdyj6l31z1llzpnz5cwr0000gn/T//ccqXb5Lu.s:70     .text.matrix_scan_user:00000000 matrix_scan_user
/var/folders/1b/xfvjmdyj6l31z1llzpnz5cwr0000gn/T//ccqXb5Lu.s:147    .progmem.data.fn_actions:00000000 fn_actions
/var/folders/1b/xfvjmdyj6l31z1llzpnz5cwr0000gn/T//ccqXb5Lu.s:154    .progmem.data.keymaps:00000000 keymaps
                            *COM*:00000002 keymap_config

UNDEFINED SYMBOLS
register_code
unregister_code
layer_state
biton32
__do_clear_bss
