   1               		.file	"sleep_led.c"
   2               	__SP_H__ = 0x3e
   3               	__SP_L__ = 0x3d
   4               	__SREG__ = 0x3f
   5               	__tmp_reg__ = 0
   6               	__zero_reg__ = 1
   7               		.text
   8               	.Ltext0:
   9               		.cfi_sections	.debug_frame
  10               		.section	.text.sleep_led_init,"ax",@progbits
  11               	.global	sleep_led_init
  13               	sleep_led_init:
  14               	.LFB1:
  15               		.file 1 "../../tmk_core/common/sleep_led.c"
   1:../../tmk_core/common/sleep_led.c **** #include <stdint.h>
   2:../../tmk_core/common/sleep_led.c **** #include <avr/io.h>
   3:../../tmk_core/common/sleep_led.c **** #include <avr/interrupt.h>
   4:../../tmk_core/common/sleep_led.c **** #include <avr/pgmspace.h>
   5:../../tmk_core/common/sleep_led.c **** #include "led.h"
   6:../../tmk_core/common/sleep_led.c **** #include "sleep_led.h"
   7:../../tmk_core/common/sleep_led.c **** 
   8:../../tmk_core/common/sleep_led.c **** /* Software PWM
   9:../../tmk_core/common/sleep_led.c ****  *  ______           ______           __
  10:../../tmk_core/common/sleep_led.c ****  * |  ON  |___OFF___|  ON  |___OFF___|   ....
  11:../../tmk_core/common/sleep_led.c ****  * |<-------------->|<-------------->|<- ....
  12:../../tmk_core/common/sleep_led.c ****  *     PWM period       PWM period
  13:../../tmk_core/common/sleep_led.c ****  *
  14:../../tmk_core/common/sleep_led.c ****  * 256              interrupts/period[resolution]
  15:../../tmk_core/common/sleep_led.c ****  * 64               periods/second[frequency]
  16:../../tmk_core/common/sleep_led.c ****  * 256*64           interrupts/second
  17:../../tmk_core/common/sleep_led.c ****  * F_CPU/(256*64)   clocks/interrupt
  18:../../tmk_core/common/sleep_led.c ****  */
  19:../../tmk_core/common/sleep_led.c **** #define SLEEP_LED_TIMER_TOP F_CPU/(256*64)
  20:../../tmk_core/common/sleep_led.c **** 
  21:../../tmk_core/common/sleep_led.c **** void sleep_led_init(void)
  22:../../tmk_core/common/sleep_led.c **** {
  16               		.loc 1 22 0
  17               		.cfi_startproc
  18               	/* prologue: function */
  19               	/* frame size = 0 */
  20               	/* stack size = 0 */
  21               	.L__stack_usage = 0
  23:../../tmk_core/common/sleep_led.c ****     /* Timer1 setup */
  24:../../tmk_core/common/sleep_led.c ****     /* CTC mode */
  25:../../tmk_core/common/sleep_led.c ****     TCCR1B |= _BV(WGM12);
  22               		.loc 1 25 0
  23 0000 E1E8      		ldi r30,lo8(-127)
  24 0002 F0E0      		ldi r31,0
  25 0004 8081      		ld r24,Z
  26 0006 8860      		ori r24,lo8(8)
  27 0008 8083      		st Z,r24
  26:../../tmk_core/common/sleep_led.c ****     /* Clock selelct: clk/1 */
  27:../../tmk_core/common/sleep_led.c ****     TCCR1B |= _BV(CS10);
  28               		.loc 1 27 0
  29 000a 8081      		ld r24,Z
  30 000c 8160      		ori r24,lo8(1)
  31 000e 8083      		st Z,r24
  28:../../tmk_core/common/sleep_led.c ****     /* Set TOP value */
  29:../../tmk_core/common/sleep_led.c ****     uint8_t sreg = SREG;
  32               		.loc 1 29 0
  33 0010 8FB7      		in r24,__SREG__
  34               	.LVL0:
  30:../../tmk_core/common/sleep_led.c ****     cli();
  35               		.loc 1 30 0
  36               	/* #APP */
  37               	 ;  30 "../../tmk_core/common/sleep_led.c" 1
  38 0012 F894      		cli
  39               	 ;  0 "" 2
  31:../../tmk_core/common/sleep_led.c ****     OCR1AH = (SLEEP_LED_TIMER_TOP>>8)&0xff;
  40               		.loc 1 31 0
  41               	/* #NOAPP */
  42 0014 93E0      		ldi r25,lo8(3)
  43 0016 9093 8900 		sts 137,r25
  32:../../tmk_core/common/sleep_led.c ****     OCR1AL = SLEEP_LED_TIMER_TOP&0xff;
  44               		.loc 1 32 0
  45 001a 90ED      		ldi r25,lo8(-48)
  46 001c 9093 8800 		sts 136,r25
  33:../../tmk_core/common/sleep_led.c ****     SREG = sreg;
  47               		.loc 1 33 0
  48 0020 8FBF      		out __SREG__,r24
  49 0022 0895      		ret
  50               		.cfi_endproc
  51               	.LFE1:
  53               		.section	.text.sleep_led_enable,"ax",@progbits
  54               	.global	sleep_led_enable
  56               	sleep_led_enable:
  57               	.LFB2:
  34:../../tmk_core/common/sleep_led.c **** }
  35:../../tmk_core/common/sleep_led.c **** 
  36:../../tmk_core/common/sleep_led.c **** void sleep_led_enable(void)
  37:../../tmk_core/common/sleep_led.c **** {
  58               		.loc 1 37 0
  59               		.cfi_startproc
  60               	/* prologue: function */
  61               	/* frame size = 0 */
  62               	/* stack size = 0 */
  63               	.L__stack_usage = 0
  38:../../tmk_core/common/sleep_led.c ****     /* Enable Compare Match Interrupt */
  39:../../tmk_core/common/sleep_led.c ****     TIMSK1 |= _BV(OCIE1A);
  64               		.loc 1 39 0
  65 0000 EFE6      		ldi r30,lo8(111)
  66 0002 F0E0      		ldi r31,0
  67 0004 8081      		ld r24,Z
  68 0006 8260      		ori r24,lo8(2)
  69 0008 8083      		st Z,r24
  70 000a 0895      		ret
  71               		.cfi_endproc
  72               	.LFE2:
  74               		.section	.text.sleep_led_disable,"ax",@progbits
  75               	.global	sleep_led_disable
  77               	sleep_led_disable:
  78               	.LFB3:
  40:../../tmk_core/common/sleep_led.c **** }
  41:../../tmk_core/common/sleep_led.c **** 
  42:../../tmk_core/common/sleep_led.c **** void sleep_led_disable(void)
  43:../../tmk_core/common/sleep_led.c **** {
  79               		.loc 1 43 0
  80               		.cfi_startproc
  81               	/* prologue: function */
  82               	/* frame size = 0 */
  83               	/* stack size = 0 */
  84               	.L__stack_usage = 0
  44:../../tmk_core/common/sleep_led.c ****     /* Disable Compare Match Interrupt */
  45:../../tmk_core/common/sleep_led.c ****     TIMSK1 &= ~_BV(OCIE1A);
  85               		.loc 1 45 0
  86 0000 EFE6      		ldi r30,lo8(111)
  87 0002 F0E0      		ldi r31,0
  88 0004 8081      		ld r24,Z
  89 0006 8D7F      		andi r24,lo8(-3)
  90 0008 8083      		st Z,r24
  91 000a 0895      		ret
  92               		.cfi_endproc
  93               	.LFE3:
  95               		.section	.text.sleep_led_toggle,"ax",@progbits
  96               	.global	sleep_led_toggle
  98               	sleep_led_toggle:
  99               	.LFB4:
  46:../../tmk_core/common/sleep_led.c **** }
  47:../../tmk_core/common/sleep_led.c **** 
  48:../../tmk_core/common/sleep_led.c **** void sleep_led_toggle(void)
  49:../../tmk_core/common/sleep_led.c **** {
 100               		.loc 1 49 0
 101               		.cfi_startproc
 102               	/* prologue: function */
 103               	/* frame size = 0 */
 104               	/* stack size = 0 */
 105               	.L__stack_usage = 0
  50:../../tmk_core/common/sleep_led.c ****     /* Disable Compare Match Interrupt */
  51:../../tmk_core/common/sleep_led.c ****     TIMSK1 ^= _BV(OCIE1A);
 106               		.loc 1 51 0
 107 0000 EFE6      		ldi r30,lo8(111)
 108 0002 F0E0      		ldi r31,0
 109 0004 8081      		ld r24,Z
 110 0006 92E0      		ldi r25,lo8(2)
 111 0008 8927      		eor r24,r25
 112 000a 8083      		st Z,r24
 113 000c 0895      		ret
 114               		.cfi_endproc
 115               	.LFE4:
 117               		.section	.text.__vector_17,"ax",@progbits
 118               	.global	__vector_17
 120               	__vector_17:
 121               	.LFB5:
  52:../../tmk_core/common/sleep_led.c **** }
  53:../../tmk_core/common/sleep_led.c **** 
  54:../../tmk_core/common/sleep_led.c **** 
  55:../../tmk_core/common/sleep_led.c **** /* Breathing Sleep LED brighness(PWM On period) table
  56:../../tmk_core/common/sleep_led.c ****  * (64[steps] * 4[duration]) / 64[PWM periods/s] = 4 second breath cycle
  57:../../tmk_core/common/sleep_led.c ****  *
  58:../../tmk_core/common/sleep_led.c ****  * http://www.wolframalpha.com/input/?i=%28sin%28+x%2F64*pi%29**8+*+255%2C+x%3D0+to+63
  59:../../tmk_core/common/sleep_led.c ****  * (0..63).each {|x| p ((sin(x/64.0*PI)**8)*255).to_i }
  60:../../tmk_core/common/sleep_led.c ****  */
  61:../../tmk_core/common/sleep_led.c **** static const uint8_t breathing_table[64] PROGMEM = {
  62:../../tmk_core/common/sleep_led.c **** 0, 0, 0, 0, 0, 0, 0, 0, 0, 0, 0, 1, 2, 4, 6, 10,
  63:../../tmk_core/common/sleep_led.c **** 15, 23, 32, 44, 58, 74, 93, 113, 135, 157, 179, 199, 218, 233, 245, 252,
  64:../../tmk_core/common/sleep_led.c **** 255, 252, 245, 233, 218, 199, 179, 157, 135, 113, 93, 74, 58, 44, 32, 23,
  65:../../tmk_core/common/sleep_led.c **** 15, 10, 6, 4, 2, 1, 0, 0, 0, 0, 0, 0, 0, 0, 0, 0
  66:../../tmk_core/common/sleep_led.c **** };
  67:../../tmk_core/common/sleep_led.c **** 
  68:../../tmk_core/common/sleep_led.c **** ISR(TIMER1_COMPA_vect)
  69:../../tmk_core/common/sleep_led.c **** {
 122               		.loc 1 69 0
 123               		.cfi_startproc
 124 0000 1F92      		push r1
 125               	.LCFI0:
 126               		.cfi_def_cfa_offset 3
 127               		.cfi_offset 1, -2
 128 0002 0F92      		push r0
 129               	.LCFI1:
 130               		.cfi_def_cfa_offset 4
 131               		.cfi_offset 0, -3
 132 0004 0FB6      		in r0,__SREG__
 133 0006 0F92      		push r0
 134 0008 1124      		clr __zero_reg__
 135 000a 2F93      		push r18
 136               	.LCFI2:
 137               		.cfi_def_cfa_offset 5
 138               		.cfi_offset 18, -4
 139 000c 3F93      		push r19
 140               	.LCFI3:
 141               		.cfi_def_cfa_offset 6
 142               		.cfi_offset 19, -5
 143 000e 4F93      		push r20
 144               	.LCFI4:
 145               		.cfi_def_cfa_offset 7
 146               		.cfi_offset 20, -6
 147 0010 5F93      		push r21
 148               	.LCFI5:
 149               		.cfi_def_cfa_offset 8
 150               		.cfi_offset 21, -7
 151 0012 6F93      		push r22
 152               	.LCFI6:
 153               		.cfi_def_cfa_offset 9
 154               		.cfi_offset 22, -8
 155 0014 7F93      		push r23
 156               	.LCFI7:
 157               		.cfi_def_cfa_offset 10
 158               		.cfi_offset 23, -9
 159 0016 8F93      		push r24
 160               	.LCFI8:
 161               		.cfi_def_cfa_offset 11
 162               		.cfi_offset 24, -10
 163 0018 9F93      		push r25
 164               	.LCFI9:
 165               		.cfi_def_cfa_offset 12
 166               		.cfi_offset 25, -11
 167 001a AF93      		push r26
 168               	.LCFI10:
 169               		.cfi_def_cfa_offset 13
 170               		.cfi_offset 26, -12
 171 001c BF93      		push r27
 172               	.LCFI11:
 173               		.cfi_def_cfa_offset 14
 174               		.cfi_offset 27, -13
 175 001e EF93      		push r30
 176               	.LCFI12:
 177               		.cfi_def_cfa_offset 15
 178               		.cfi_offset 30, -14
 179 0020 FF93      		push r31
 180               	.LCFI13:
 181               		.cfi_def_cfa_offset 16
 182               		.cfi_offset 31, -15
 183               	/* prologue: Signal */
 184               	/* frame size = 0 */
 185               	/* stack size = 15 */
 186               	.L__stack_usage = 15
  70:../../tmk_core/common/sleep_led.c ****     /* Software PWM
  71:../../tmk_core/common/sleep_led.c ****      * timer:1111 1111 1111 1111
  72:../../tmk_core/common/sleep_led.c ****      *       \_____/\/ \_______/____  count(0-255)
  73:../../tmk_core/common/sleep_led.c ****      *          \    \______________  duration of step(4)
  74:../../tmk_core/common/sleep_led.c ****      *           \__________________  index of step table(0-63)
  75:../../tmk_core/common/sleep_led.c ****      */
  76:../../tmk_core/common/sleep_led.c ****     static union {
  77:../../tmk_core/common/sleep_led.c ****         uint16_t row;
  78:../../tmk_core/common/sleep_led.c ****         struct {
  79:../../tmk_core/common/sleep_led.c ****             uint8_t count:8;
  80:../../tmk_core/common/sleep_led.c ****             uint8_t duration:2;
  81:../../tmk_core/common/sleep_led.c ****             uint8_t index:6;
  82:../../tmk_core/common/sleep_led.c ****         } pwm;
  83:../../tmk_core/common/sleep_led.c ****     } timer = { .row = 0 };
  84:../../tmk_core/common/sleep_led.c **** 
  85:../../tmk_core/common/sleep_led.c ****     timer.row++;
 187               		.loc 1 85 0
 188 0022 8091 0000 		lds r24,timer.1660
 189 0026 9091 0000 		lds r25,timer.1660+1
 190 002a 0196      		adiw r24,1
 191 002c 9093 0000 		sts timer.1660+1,r25
 192 0030 8093 0000 		sts timer.1660,r24
  86:../../tmk_core/common/sleep_led.c ****     
  87:../../tmk_core/common/sleep_led.c ****     // LED on
  88:../../tmk_core/common/sleep_led.c ****     if (timer.pwm.count == 0) {
 193               		.loc 1 88 0
 194 0034 8111      		cpse r24,__zero_reg__
 195 0036 00C0      		rjmp .L6
  89:../../tmk_core/common/sleep_led.c ****         led_set(1<<USB_LED_CAPS_LOCK);
 196               		.loc 1 89 0
 197 0038 82E0      		ldi r24,lo8(2)
 198 003a 0E94 0000 		call led_set
 199               	.LVL1:
 200               	.L6:
 201               	.LBB2:
  90:../../tmk_core/common/sleep_led.c ****     }
  91:../../tmk_core/common/sleep_led.c ****     // LED off
  92:../../tmk_core/common/sleep_led.c ****     if (timer.pwm.count == pgm_read_byte(&breathing_table[timer.pwm.index])) {
 202               		.loc 1 92 0
 203 003e E091 0000 		lds r30,timer.1660+1
 204 0042 E695      		lsr r30
 205 0044 E695      		lsr r30
 206 0046 F0E0      		ldi r31,0
 207 0048 E050      		subi r30,lo8(-(breathing_table))
 208 004a F040      		sbci r31,hi8(-(breathing_table))
 209               	/* #APP */
 210               	 ;  92 "../../tmk_core/common/sleep_led.c" 1
 211 004c E491      		lpm r30, Z
 212               		
 213               	 ;  0 "" 2
 214               	.LVL2:
 215               	/* #NOAPP */
 216               	.LBE2:
 217 004e 8091 0000 		lds r24,timer.1660
 218 0052 8E13      		cpse r24,r30
 219 0054 00C0      		rjmp .L5
  93:../../tmk_core/common/sleep_led.c ****         led_set(0);
 220               		.loc 1 93 0
 221 0056 80E0      		ldi r24,0
 222 0058 0E94 0000 		call led_set
 223               	.LVL3:
 224               	.L5:
 225               	/* epilogue start */
  94:../../tmk_core/common/sleep_led.c ****     }
  95:../../tmk_core/common/sleep_led.c **** }
 226               		.loc 1 95 0
 227 005c FF91      		pop r31
 228 005e EF91      		pop r30
 229 0060 BF91      		pop r27
 230 0062 AF91      		pop r26
 231 0064 9F91      		pop r25
 232 0066 8F91      		pop r24
 233 0068 7F91      		pop r23
 234 006a 6F91      		pop r22
 235 006c 5F91      		pop r21
 236 006e 4F91      		pop r20
 237 0070 3F91      		pop r19
 238 0072 2F91      		pop r18
 239 0074 0F90      		pop r0
 240 0076 0FBE      		out __SREG__,r0
 241 0078 0F90      		pop r0
 242 007a 1F90      		pop r1
 243 007c 1895      		reti
 244               		.cfi_endproc
 245               	.LFE5:
 247               		.section	.bss.timer.1660,"aw",@nobits
 250               	timer.1660:
 251 0000 0000      		.zero	2
 252               		.section	.progmem.data.breathing_table,"a",@progbits
 255               	breathing_table:
 256 0000 00        		.byte	0
 257 0001 00        		.byte	0
 258 0002 00        		.byte	0
 259 0003 00        		.byte	0
 260 0004 00        		.byte	0
 261 0005 00        		.byte	0
 262 0006 00        		.byte	0
 263 0007 00        		.byte	0
 264 0008 00        		.byte	0
 265 0009 00        		.byte	0
 266 000a 00        		.byte	0
 267 000b 01        		.byte	1
 268 000c 02        		.byte	2
 269 000d 04        		.byte	4
 270 000e 06        		.byte	6
 271 000f 0A        		.byte	10
 272 0010 0F        		.byte	15
 273 0011 17        		.byte	23
 274 0012 20        		.byte	32
 275 0013 2C        		.byte	44
 276 0014 3A        		.byte	58
 277 0015 4A        		.byte	74
 278 0016 5D        		.byte	93
 279 0017 71        		.byte	113
 280 0018 87        		.byte	-121
 281 0019 9D        		.byte	-99
 282 001a B3        		.byte	-77
 283 001b C7        		.byte	-57
 284 001c DA        		.byte	-38
 285 001d E9        		.byte	-23
 286 001e F5        		.byte	-11
 287 001f FC        		.byte	-4
 288 0020 FF        		.byte	-1
 289 0021 FC        		.byte	-4
 290 0022 F5        		.byte	-11
 291 0023 E9        		.byte	-23
 292 0024 DA        		.byte	-38
 293 0025 C7        		.byte	-57
 294 0026 B3        		.byte	-77
 295 0027 9D        		.byte	-99
 296 0028 87        		.byte	-121
 297 0029 71        		.byte	113
 298 002a 5D        		.byte	93
 299 002b 4A        		.byte	74
 300 002c 3A        		.byte	58
 301 002d 2C        		.byte	44
 302 002e 20        		.byte	32
 303 002f 17        		.byte	23
 304 0030 0F        		.byte	15
 305 0031 0A        		.byte	10
 306 0032 06        		.byte	6
 307 0033 04        		.byte	4
 308 0034 02        		.byte	2
 309 0035 01        		.byte	1
 310 0036 00        		.byte	0
 311 0037 00        		.byte	0
 312 0038 00        		.byte	0
 313 0039 00        		.byte	0
 314 003a 00        		.byte	0
 315 003b 00        		.byte	0
 316 003c 00        		.byte	0
 317 003d 00        		.byte	0
 318 003e 00        		.byte	0
 319 003f 00        		.byte	0
 320               		.text
 321               	.Letext0:
 322               		.file 2 "/usr/local/CrossPack-AVR-20131216/avr/include/stdint.h"
 323               		.file 3 "../../tmk_core/common/led.h"
DEFINED SYMBOLS
                            *ABS*:00000000 sleep_led.c
/var/folders/1b/xfvjmdyj6l31z1llzpnz5cwr0000gn/T//ccaJ4Mz7.s:2      *ABS*:0000003e __SP_H__
/var/folders/1b/xfvjmdyj6l31z1llzpnz5cwr0000gn/T//ccaJ4Mz7.s:3      *ABS*:0000003d __SP_L__
/var/folders/1b/xfvjmdyj6l31z1llzpnz5cwr0000gn/T//ccaJ4Mz7.s:4      *ABS*:0000003f __SREG__
/var/folders/1b/xfvjmdyj6l31z1llzpnz5cwr0000gn/T//ccaJ4Mz7.s:5      *ABS*:00000000 __tmp_reg__
/var/folders/1b/xfvjmdyj6l31z1llzpnz5cwr0000gn/T//ccaJ4Mz7.s:6      *ABS*:00000001 __zero_reg__
/var/folders/1b/xfvjmdyj6l31z1llzpnz5cwr0000gn/T//ccaJ4Mz7.s:13     .text.sleep_led_init:00000000 sleep_led_init
/var/folders/1b/xfvjmdyj6l31z1llzpnz5cwr0000gn/T//ccaJ4Mz7.s:56     .text.sleep_led_enable:00000000 sleep_led_enable
/var/folders/1b/xfvjmdyj6l31z1llzpnz5cwr0000gn/T//ccaJ4Mz7.s:77     .text.sleep_led_disable:00000000 sleep_led_disable
/var/folders/1b/xfvjmdyj6l31z1llzpnz5cwr0000gn/T//ccaJ4Mz7.s:98     .text.sleep_led_toggle:00000000 sleep_led_toggle
/var/folders/1b/xfvjmdyj6l31z1llzpnz5cwr0000gn/T//ccaJ4Mz7.s:120    .text.__vector_17:00000000 __vector_17
/var/folders/1b/xfvjmdyj6l31z1llzpnz5cwr0000gn/T//ccaJ4Mz7.s:250    .bss.timer.1660:00000000 timer.1660
/var/folders/1b/xfvjmdyj6l31z1llzpnz5cwr0000gn/T//ccaJ4Mz7.s:255    .progmem.data.breathing_table:00000000 breathing_table

UNDEFINED SYMBOLS
led_set
__do_clear_bss
