   1               		.file	"led.c"
   2               	__SP_H__ = 0x3e
   3               	__SP_L__ = 0x3d
   4               	__SREG__ = 0x3f
   5               	__tmp_reg__ = 0
   6               	__zero_reg__ = 1
   7               		.text
   8               	.Ltext0:
   9               		.cfi_sections	.debug_frame
  10               		.section	.text.led_set,"ax",@progbits
  11               	.global	led_set
  13               	led_set:
  14               	.LFB0:
  15               		.file 1 "../../quantum/led.c"
   1:../../quantum/led.c **** /*
   2:../../quantum/led.c **** Copyright 2012 Jun Wako <wakojun@gmail.com>
   3:../../quantum/led.c **** 
   4:../../quantum/led.c **** This program is free software: you can redistribute it and/or modify
   5:../../quantum/led.c **** it under the terms of the GNU General Public License as published by
   6:../../quantum/led.c **** the Free Software Foundation, either version 2 of the License, or
   7:../../quantum/led.c **** (at your option) any later version.
   8:../../quantum/led.c **** 
   9:../../quantum/led.c **** This program is distributed in the hope that it will be useful,
  10:../../quantum/led.c **** but WITHOUT ANY WARRANTY; without even the implied warranty of
  11:../../quantum/led.c **** MERCHANTABILITY or FITNESS FOR A PARTICULAR PURPOSE.  See the
  12:../../quantum/led.c **** GNU General Public License for more details.
  13:../../quantum/led.c **** 
  14:../../quantum/led.c **** You should have received a copy of the GNU General Public License
  15:../../quantum/led.c **** along with this program.  If not, see <http://www.gnu.org/licenses/>.
  16:../../quantum/led.c **** */
  17:../../quantum/led.c **** 
  18:../../quantum/led.c **** #include <avr/io.h>
  19:../../quantum/led.c **** #include "stdint.h"
  20:../../quantum/led.c **** #include "led.h"
  21:../../quantum/led.c **** 
  22:../../quantum/led.c **** 
  23:../../quantum/led.c **** void led_set(uint8_t usb_led)
  24:../../quantum/led.c **** {
  16               		.loc 1 24 0
  17               		.cfi_startproc
  18               	.LVL0:
  19               	/* prologue: function */
  20               	/* frame size = 0 */
  21               	/* stack size = 0 */
  22               	.L__stack_usage = 0
  23 0000 0895      		ret
  24               		.cfi_endproc
  25               	.LFE0:
  27               		.text
  28               	.Letext0:
  29               		.file 2 "/usr/local/CrossPack-AVR-20131216/avr/include/stdint.h"
DEFINED SYMBOLS
                            *ABS*:00000000 led.c
/var/folders/1b/xfvjmdyj6l31z1llzpnz5cwr0000gn/T//cct2zamY.s:2      *ABS*:0000003e __SP_H__
/var/folders/1b/xfvjmdyj6l31z1llzpnz5cwr0000gn/T//cct2zamY.s:3      *ABS*:0000003d __SP_L__
/var/folders/1b/xfvjmdyj6l31z1llzpnz5cwr0000gn/T//cct2zamY.s:4      *ABS*:0000003f __SREG__
/var/folders/1b/xfvjmdyj6l31z1llzpnz5cwr0000gn/T//cct2zamY.s:5      *ABS*:00000000 __tmp_reg__
/var/folders/1b/xfvjmdyj6l31z1llzpnz5cwr0000gn/T//cct2zamY.s:6      *ABS*:00000001 __zero_reg__
/var/folders/1b/xfvjmdyj6l31z1llzpnz5cwr0000gn/T//cct2zamY.s:13     .text.led_set:00000000 led_set

NO UNDEFINED SYMBOLS
